[debug] [2026-05-14T09:20:42.352Z] ----------------------------------------------------------------------
[debug] [2026-05-14T09:20:42.555Z] Command:       C:\Program Files\nodejs\node.exe C:\Users\gy554\AppData\Roaming\npm\node_modules\firebase-tools\lib\bin\firebase.js projects:list
[debug] [2026-05-14T09:20:42.556Z] CLI Version:   15.10.0
[debug] [2026-05-14T09:20:42.556Z] Platform:      win32
[debug] [2026-05-14T09:20:42.557Z] Node Version:  v22.17.1
[debug] [2026-05-14T09:20:42.559Z] Time:          Thu May 14 2026 18:20:42 GMT+0900 (대한민국 표준시)
[debug] [2026-05-14T09:20:42.559Z] ----------------------------------------------------------------------
[debug] 
[debug] [2026-05-14T09:20:42.902Z] > command requires scopes: ["email","openid","https://www.googleapis.com/auth/cloudplatformprojects.readonly","https://www.googleapis.com/auth/firebase","https://www.googleapis.com/auth/cloud-platform"]
[debug] [2026-05-14T09:20:42.903Z] > authorizing via signed-in user (asdlkj0104@gmail.com)
[debug] [2026-05-14T09:20:42.906Z] Checked if tokens are valid: false, expires at: 1778750910606
[debug] [2026-05-14T09:20:42.906Z] Checked if tokens are valid: false, expires at: 1778750910606
[debug] [2026-05-14T09:20:42.907Z] > refreshing access token with scopes: []
[debug] [2026-05-14T09:20:42.909Z] >>> [apiv2][query] POST https://www.googleapis.com/oauth2/v3/token [none]
[debug] [2026-05-14T09:20:42.909Z] >>> [apiv2][body] POST https://www.googleapis.com/oauth2/v3/token [omitted]
[debug] [2026-05-14T09:20:42.937Z] *** [apiv2] error from fetch(https://www.googleapis.com/oauth2/v3/token, {"headers":{},"method":"POST","agent":{"_events":{},"_eventsCount":2,"options":{"noDelay":true,"path":null},"requests":{},"sockets":{"www.googleapis.com:443:::::::::::::::::::::":[]},"freeSockets":{},"keepAliveMsecs":1000,"keepAlive":false,"maxSockets":null,"maxFreeSockets":256,"scheduling":"lifo","maxTotalSockets":null,"totalSocketCount":0,"cache":{"max":20,"maxSize":0,"maxEntrySize":0,"fetchMethod":null,"keyMap":{},"keyList":["https:+http://127.0.0.1:9",null,null,null,null,null,null,null,null,null,null,null,null,null,null,null,null,null,null,null],"valList":[{"_events":{},"_eventsCount":2,"options":{},"requests":{},"sockets":{"www.googleapis.com:443:::::::::::::::::::::":[]},"freeSockets":{},"keepAliveMsecs":1000,"keepAlive":false,"maxSockets":null,"maxFreeSockets":256,"scheduling":"lifo","maxTotalSockets":null,"totalSocketCount":0,"proxy":"http://127.0.0.1:9/","proxyHeaders":{},"connectOpts":{"ALPNProtocols":["http/1.1"],"host":"127.0.0.1","port":9}},null,null,null,null,null,null,null,null,null,null,null,null,null,null,null,null,null,null,null],"next":{"0":0,"1":0,"2":0,"3":0,"4":0,"5":0,"6":0,"7":0,"8":0,"9":0,"10":0,"11":0,"12":0,"13":0,"14":0,"15":0,"16":0,"17":0,"18":0,"19":0},"prev":{"0":0,"1":0,"2":0,"3":0,"4":0,"5":0,"6":0,"7":0,"8":0,"9":0,"10":0,"11":0,"12":0,"13":0,"14":0,"15":0,"16":0,"17":0,"18":0,"19":0},"head":0,"tail":0,"free":{"heap":{"0":0,"1":0,"2":0,"3":0,"4":0,"5":0,"6":0,"7":0,"8":0,"9":0,"10":0,"11":0,"12":0,"13":0,"14":0,"15":0,"16":0,"17":0,"18":0,"19":0},"length":0},"initialFill":1,"size":1,"disposeAfter":null,"disposed":null,"noDisposeOnSet":false,"noUpdateTTL":false,"noDeleteOnFetchRejection":false,"allowStaleOnFetchRejection":false,"allowStaleOnFetchAbort":false,"ignoreFetchAbort":false,"allowStale":false,"noDeleteOnStaleGet":false,"updateAgeOnGet":false,"updateAgeOnHas":false,"ttlResolution":1,"ttlAutopurge":false,"ttl":0},"httpAgent":{"_events":{},"_eventsCount":2,"defaultPort":80,"protocol":"http:","options":{"noDelay":true,"path":null},"requests":{},"sockets":{},"freeSockets":{},"keepAliveMsecs":1000,"keepAlive":false,"maxSockets":null,"maxFreeSockets":256,"scheduling":"lifo","maxTotalSockets":null,"totalSocketCount":0},"httpsAgent":{"_events":{},"_eventsCount":2,"defaultPort":443,"protocol":"https:","options":{"noDelay":true,"path":null},"requests":{},"sockets":{},"freeSockets":{},"keepAliveMsecs":1000,"keepAlive":false,"maxSockets":null,"maxFreeSockets":256,"scheduling":"lifo","maxTotalSockets":null,"totalSocketCount":0,"maxCachedSessions":100,"_sessionCache":{"map":{},"list":[]}}},"body":{"_overheadLength":545,"_valueLength":212,"_valuesToMeasure":[],"writable":false,"readable":true,"dataSize":0,"maxDataSize":2097152,"pauseStreams":true,"_released":true,"_streams":[],"_currentStream":null,"_insideLoop":false,"_pendingNext":false,"_boundary":"--------------------------ecd2e664c14b8be9e12b214b","_events":{},"_eventsCount":1}}): FetchError: request to https://www.googleapis.com/oauth2/v3/token failed, reason: connect ECONNREFUSED 127.0.0.1:9
[error] Authentication Error: Your credentials are no longer valid. Please run firebase login --reauth

For CI servers and headless environments, generate a new token with firebase login:ci
[debug] [2026-05-14T09:20:42.938Z] Authentication Error: Your credentials are no longer valid. Please run firebase login --reauth

For CI servers and headless environments, generate a new token with firebase login:ci
[debug] [2026-05-14T09:20:42.939Z] FirebaseError: Authentication Error: Your credentials are no longer valid. Please run firebase login --reauth

For CI servers and headless environments, generate a new token with firebase login:ci
    at invalidCredentialError (C:\Users\gy554\AppData\Roaming\npm\node_modules\firebase-tools\lib\auth.js:177:12)
    at refreshTokens (C:\Users\gy554\AppData\Roaming\npm\node_modules\firebase-tools\lib\auth.js:590:15)
    at process.processTicksAndRejections (node:internal/process/task_queues:105:5)
    at async getAccessToken (C:\Users\gy554\AppData\Roaming\npm\node_modules\firebase-tools\lib\apiv2.js:52:18)
    at async Client.addAuthHeader (C:\Users\gy554\AppData\Roaming\npm\node_modules\firebase-tools\lib\apiv2.js:182:21)
    at async Client.request (C:\Users\gy554\AppData\Roaming\npm\node_modules\firebase-tools\lib\apiv2.js:129:34)
    at async getProjectPage (C:\Users\gy554\AppData\Roaming\npm\node_modules\firebase-tools\lib\management\projects.js:287:17)
    at async getFirebaseProjectPage (C:\Users\gy554\AppData\Roaming\npm\node_modules\firebase-tools\lib\management\projects.js:304:23)
    at async listFirebaseProjects (C:\Users\gy554\AppData\Roaming\npm\node_modules\firebase-tools\lib\management\projects.js:333:29)
    at async Command.actionFn (C:\Users\gy554\AppData\Roaming\npm\node_modules\firebase-tools\lib\commands\projects-list.js:51:20)
[error] 
[error] Error: Failed to list Firebase projects. See firebase-debug.log for more info.
[debug] [2026-05-14T09:20:43.221Z] Error: EPERM: operation not permitted, open 'C:\Users\gy554\.config\configstore\firebase-tools.json.3826551118'
    at Object.openSync (node:fs:561:18)
    at Function.writeFileSync [as sync] (C:\Users\gy554\AppData\Roaming\npm\node_modules\firebase-tools\node_modules\write-file-atomic\index.js:205:13)
    at set all (C:\Users\gy554\AppData\Roaming\npm\node_modules\firebase-tools\node_modules\configstore\index.js:61:20)
    at Configstore.delete (C:\Users\gy554\AppData\Roaming\npm\node_modules\firebase-tools\node_modules\configstore\index.js:101:12)
    at process.<anonymous> (C:\Users\gy554\AppData\Roaming\npm\node_modules\firebase-tools\lib\bin\cli.js:65:45)
    at process.emit (node:events:530:35)
    at process.exit (node:internal/process/per_thread:194:15)
    at Timeout._onTimeout (C:\Users\gy554\AppData\Roaming\npm\node_modules\firebase-tools\lib\errorOut.js:20:17)
    at listOnTimeout (node:internal/timers:588:17)
    at process.processTimers (node:internal/timers:523:7)
[error] 
[error] Error: An unexpected error has occurred.
